<?xml version="1.0" encoding="UTF-8"?>
<testsuite name="tests.Login" tests="1" skipped="0" failures="0" errors="0" timestamp="2023-01-05T19:09:58" hostname="DESKTOP-46KRLH8" time="9.402">
  <properties/>
  <testcase name="login1" classname="tests.Login" time="9.402"/>
  <system-out><![CDATA[]]></system-out>
  <system-err><![CDATA[Starting ChromeDriver 108.0.5359.71 (1e0e3868ee06e91ad636a874420e3ca3ae3756ac-refs/branch-heads/5359@{#1016}) on port 21579
Only local connections are allowed.
Please see https://chromedriver.chromium.org/security-considerations for suggestions on keeping ChromeDriver safe.
ChromeDriver was started successfully.
[1672945812.801][WARNING]: Timed out connecting to Chrome, retrying...
[1672945820.892][WARNING]: Timed out connecting to Chrome, retrying...
]]></system-err>
</testsuite>
